[2026-05-05 05:55:47] POST   /auth/login               | 200 | user:wira            | ip:::1
[2026-05-05 05:59:19] POST   /auth/login               | 401 | user:wira            | ip:::1 | Kredensial salah
[2026-05-05 05:59:26] POST   /auth/login               | 200 | user:wira            | ip:::1
[2026-05-05 06:01:58] POST   /cart                     | 201 | user:wira            | ip:::1
[2026-05-05 06:03:28] GET    /cart                     | 200 | user:wira            | ip:::1
[2026-05-05 06:03:55] GET    /cart                     | 200 | user:wira            | ip:::1
[2026-05-05 06:03:59] GET    /cart                     | 200 | user:wira            | ip:::1
[2026-05-05 06:04:07] GET    /cart                     | 200 | user:wira            | ip:::1
[2026-05-05 06:04:20] GET    /cart                     | 200 | user:wira            | ip:::1
[2026-05-05 06:04:43] POST   /cart                     | 201 | user:wira            | ip:::1
[2026-05-05 06:04:51] GET    /cart                     | 200 | user:wira            | ip:::1
[2026-05-05 06:11:34] GET    /cart                     | 200 | user:wira            | ip:::1
[2026-05-05 06:15:45] POST   /checkout                 | 500 | user:wira            | ip:::1 | Unknown column 'username' in 'field list'
[2026-05-05 06:21:45] POST   /auth/login               | 200 | user:wira            | ip:::1
[2026-05-05 06:22:47] POST   /checkout                 | 500 | user:wira            | ip:::1 | Unknown column 'username' in 'field list'
[2026-05-05 06:23:42] POST   /cart                     | 201 | user:wira            | ip:::1
[2026-05-05 06:26:02] POST   /checkout                 | 500 | user:wira            | ip:::1 | Unknown column 'username' in 'field list'
[2026-05-05 06:35:22] POST   /checkout                 | 201 | user:wira            | ip:::1
[2026-05-05 08:32:33] POST   /auth/login.php           | 404 | user:anonymous       | ip:::1 | Endpoint tidak ditemukan
[2026-05-05 08:32:37] POST   /auth/login.php           | 404 | user:anonymous       | ip:::1 | Endpoint tidak ditemukan
[2026-05-05 08:32:42] POST   /auth/login.php           | 404 | user:anonymous       | ip:::1 | Endpoint tidak ditemukan
[2026-05-05 08:33:17] POST   /auth/login.php           | 404 | user:anonymous       | ip:::1 | Endpoint tidak ditemukan
[2026-05-05 08:35:38] POST   /auth/login.php           | 404 | user:anonymous       | ip:::1 | Endpoint tidak ditemukan
[2026-05-05 08:36:59] POST   /auth/login               | 200 | user:wira            | ip:::1
[2026-05-05 08:37:08] POST   /auth/login               | 200 | user:admin           | ip:::1
[2026-05-05 08:37:23] POST   /auth/login               | 200 | user:wira            | ip:::1
[2026-05-05 08:49:31] POST   /auth/login               | 200 | user:wira            | ip:::1
[2026-05-05 08:49:32] GET    /cart                     | 200 | user:wira            | ip:::1
[2026-05-05 08:49:42] GET    /cart                     | 200 | user:wira            | ip:::1
[2026-05-05 08:49:52] POST   /auth/login               | 200 | user:wira            | ip:::1
[2026-05-05 08:49:53] GET    /cart                     | 200 | user:wira            | ip:::1
[2026-05-05 09:10:28] POST   /auth/login               | 200 | user:wira            | ip:::1
[2026-05-05 09:10:35] POST   /auth/login               | 200 | user:wira            | ip:::1
[2026-05-05 09:11:15] POST   /auth/login               | 200 | user:wira            | ip:::1
[2026-05-05 09:11:21] POST   /auth/login               | 200 | user:wira            | ip:::1
[2026-05-05 09:15:02] POST   /auth/login               | 200 | user:wira            | ip:::1
[2026-05-05 09:15:03] GET    /cart                     | 200 | user:wira            | ip:::1
[2026-05-05 09:15:03] GET    /menu                     | 200 | user:wira            | ip:::1
[2026-05-05 09:15:10] POST   /cart                     | 201 | user:wira            | ip:::1
[2026-05-05 09:15:10] GET    /cart                     | 200 | user:wira            | ip:::1
[2026-05-05 09:15:11] POST   /cart                     | 201 | user:wira            | ip:::1
[2026-05-05 09:15:11] GET    /cart                     | 200 | user:wira            | ip:::1
[2026-05-05 09:15:13] POST   /cart                     | 201 | user:wira            | ip:::1
[2026-05-05 09:15:13] GET    /cart                     | 200 | user:wira            | ip:::1
[2026-05-05 09:15:21] GET    /cart                     | 200 | user:wira            | ip:::1
[2026-05-05 09:15:21] GET    /menu                     | 200 | user:wira            | ip:::1
[2026-05-05 09:15:26] GET    /cart                     | 200 | user:wira            | ip:::1
[2026-05-05 09:15:26] GET    /menu                     | 200 | user:wira            | ip:::1
[2026-05-05 09:15:31] PUT    /cart                     | 200 | user:wira            | ip:::1
[2026-05-05 09:15:31] GET    /cart                     | 200 | user:wira            | ip:::1
[2026-05-05 09:15:33] PUT    /cart                     | 200 | user:wira            | ip:::1
[2026-05-05 09:15:33] GET    /cart                     | 200 | user:wira            | ip:::1
[2026-05-05 09:15:34] PUT    /cart                     | 200 | user:wira            | ip:::1
[2026-05-05 09:15:34] GET    /cart                     | 200 | user:wira            | ip:::1
[2026-05-05 09:15:36] PUT    /cart                     | 200 | user:wira            | ip:::1
[2026-05-05 09:15:37] GET    /cart                     | 200 | user:wira            | ip:::1
[2026-05-05 09:15:38] PUT    /cart                     | 200 | user:wira            | ip:::1
[2026-05-05 09:15:38] GET    /cart                     | 200 | user:wira            | ip:::1
[2026-05-05 09:15:46] GET    /cart                     | 200 | user:wira            | ip:::1
[2026-05-05 09:15:46] GET    /menu                     | 200 | user:wira            | ip:::1
[2026-05-05 09:15:56] POST   /cart                     | 201 | user:wira            | ip:::1
[2026-05-05 09:15:56] GET    /cart                     | 200 | user:wira            | ip:::1
[2026-05-05 09:16:03] GET    /cart                     | 200 | user:wira            | ip:::1
[2026-05-05 09:16:03] GET    /menu                     | 200 | user:wira            | ip:::1
[2026-05-05 09:17:36] GET    /menu                     | 200 | user:wira            | ip:::1
[2026-05-05 09:17:36] GET    /cart                     | 200 | user:wira            | ip:::1
[2026-05-05 09:18:20] GET    /cart                     | 200 | user:wira            | ip:::1
[2026-05-05 09:18:20] GET    /menu                     | 200 | user:wira            | ip:::1
[2026-05-05 09:36:31] GET    /menu                     | 200 | user:wira            | ip:::1
[2026-05-05 09:36:31] GET    /cart                     | 200 | user:wira            | ip:::1
[2026-05-05 09:36:31] GET    /menu                     | 200 | user:wira            | ip:::1
[2026-05-05 09:36:31] GET    /cart                     | 200 | user:wira            | ip:::1
[2026-05-05 09:36:49] POST   /checkout                 | 201 | user:wira            | ip:::1
[2026-05-05 09:37:01] GET    /cart                     | 200 | user:wira            | ip:::1
[2026-05-05 09:37:06] POST   /cart                     | 201 | user:wira            | ip:::1
[2026-05-05 09:37:06] GET    /cart                     | 200 | user:wira            | ip:::1
[2026-05-05 09:37:07] POST   /cart                     | 201 | user:wira            | ip:::1
[2026-05-05 09:37:07] GET    /cart                     | 200 | user:wira            | ip:::1
[2026-05-05 09:37:13] GET    /menu                     | 200 | user:wira            | ip:::1
[2026-05-05 09:37:13] GET    /cart                     | 200 | user:wira            | ip:::1
[2026-05-05 09:52:18] GET    /cart                     | 200 | user:wira            | ip:::1
[2026-05-05 09:52:18] GET    /menu                     | 200 | user:wira            | ip:::1
[2026-05-05 09:52:21] DELETE /cart                     | 200 | user:wira            | ip:::1
[2026-05-05 09:52:21] GET    /cart                     | 200 | user:wira            | ip:::1
[2026-05-05 09:52:23] DELETE /cart                     | 200 | user:wira            | ip:::1
[2026-05-05 09:52:23] GET    /cart                     | 200 | user:wira            | ip:::1
[2026-05-05 09:52:25] POST   /cart                     | 201 | user:wira            | ip:::1
[2026-05-05 09:52:25] GET    /cart                     | 200 | user:wira            | ip:::1
[2026-05-05 09:52:26] POST   /cart                     | 201 | user:wira            | ip:::1
[2026-05-05 09:52:26] GET    /cart                     | 200 | user:wira            | ip:::1
[2026-05-05 09:52:27] POST   /cart                     | 201 | user:wira            | ip:::1
[2026-05-05 09:52:27] GET    /cart                     | 200 | user:wira            | ip:::1
[2026-05-05 09:52:45] PUT    /cart                     | 200 | user:wira            | ip:::1
[2026-05-05 09:52:45] GET    /cart                     | 200 | user:wira            | ip:::1
[2026-05-05 09:52:46] PUT    /cart                     | 200 | user:wira            | ip:::1
[2026-05-05 09:52:46] GET    /cart                     | 200 | user:wira            | ip:::1
[2026-05-05 09:52:50] PUT    /cart                     | 200 | user:wira            | ip:::1
[2026-05-05 09:52:50] GET    /cart                     | 200 | user:wira            | ip:::1
[2026-05-05 09:52:52] PUT    /cart                     | 200 | user:wira            | ip:::1
[2026-05-05 09:52:52] GET    /cart                     | 200 | user:wira            | ip:::1
[2026-05-05 09:52:53] POST   /checkout                 | 201 | user:wira            | ip:::1
[2026-05-05 09:52:55] GET    /cart                     | 200 | user:wira            | ip:::1
[2026-05-05 09:53:47] GET    /menu                     | 200 | user:wira            | ip:::1
[2026-05-05 09:53:47] GET    /cart                     | 200 | user:wira            | ip:::1
[2026-05-05 09:53:50] POST   /cart                     | 201 | user:wira            | ip:::1
[2026-05-05 09:53:50] GET    /cart                     | 200 | user:wira            | ip:::1
[2026-05-05 09:53:58] POST   /checkout                 | 201 | user:wira            | ip:::1
[2026-05-05 09:53:59] GET    /cart                     | 200 | user:wira            | ip:::1
[2026-05-05 10:00:09] GET    /menu                     | 200 | user:wira            | ip:::1
[2026-05-05 10:00:09] GET    /cart                     | 200 | user:wira            | ip:::1
[2026-05-05 10:00:11] GET    /cart                     | 200 | user:wira            | ip:::1
[2026-05-05 10:00:11] GET    /menu                     | 200 | user:wira            | ip:::1
[2026-05-05 10:00:25] GET    /cart                     | 200 | user:wira            | ip:::1
[2026-05-05 10:00:25] GET    /menu                     | 200 | user:wira            | ip:::1
[2026-05-05 10:00:26] GET    /menu                     | 200 | user:wira            | ip:::1
[2026-05-05 10:00:26] GET    /cart                     | 200 | user:wira            | ip:::1
[2026-05-05 10:00:36] GET    /cart                     | 200 | user:wira            | ip:::1
[2026-05-05 10:00:36] GET    /menu                     | 200 | user:wira            | ip:::1
[2026-05-05 10:00:43] POST   /auth/login               | 200 | user:wira            | ip:::1
[2026-05-05 10:00:44] GET    /cart                     | 200 | user:wira            | ip:::1
[2026-05-05 10:00:44] GET    /menu                     | 200 | user:wira            | ip:::1
[2026-05-05 10:22:24] POST   /auth/login               | 401 | user:balabala        | ip:::1 | Kredensial salah
[2026-05-05 10:22:30] POST   /auth/login               | 401 | user:asdad           | ip:::1 | Kredensial salah
[2026-05-05 10:22:43] POST   /auth/login               | 401 | user:sadasd          | ip:::1 | Kredensial salah
[2026-05-05 10:22:52] POST   /auth/login               | 200 | user:wira            | ip:::1
[2026-05-05 10:22:53] GET    /cart                     | 200 | user:wira            | ip:::1
[2026-05-05 10:22:53] GET    /menu                     | 200 | user:wira            | ip:::1
[2026-05-05 10:23:00] POST   /auth/login               | 401 | user:wiwiw           | ip:::1 | Kredensial salah
[2026-05-05 10:29:19] POST   /auth/login               | 401 | user:asdasd          | ip:::1 | Kredensial salah
[2026-05-05 10:29:31] POST   /auth/login               | 401 | user:adsad           | ip:::1 | Kredensial salah
[2026-05-05 10:29:48] POST   /auth/login               | 401 | user:adasd           | ip:::1 | Kredensial salah
[2026-05-05 10:31:26] POST   /auth/login               | 200 | user:wira            | ip:::1
[2026-05-05 10:31:27] GET    /cart                     | 200 | user:wira            | ip:::1
[2026-05-05 10:31:27] GET    /menu                     | 200 | user:wira            | ip:::1
[2026-05-05 10:33:00] POST   /auth/login               | 200 | user:wira            | ip:::1
[2026-05-05 10:33:01] GET    /cart                     | 200 | user:wira            | ip:::1
[2026-05-05 10:33:01] GET    /menu                     | 200 | user:wira            | ip:::1
[2026-05-05 10:34:32] GET    /cart                     | 200 | user:wira            | ip:::1
[2026-05-05 10:34:32] GET    /menu                     | 200 | user:wira            | ip:::1
[2026-05-05 10:36:23] POST   /auth/login               | 200 | user:wira            | ip:::1
[2026-05-05 10:36:24] GET    /cart                     | 200 | user:wira            | ip:::1
[2026-05-05 10:36:24] GET    /menu                     | 200 | user:wira            | ip:::1
[2026-05-05 10:36:56] POST   /auth/login               | 200 | user:wira            | ip:::1
[2026-05-05 10:36:57] GET    /menu                     | 200 | user:wira            | ip:::1
[2026-05-05 10:36:57] GET    /cart                     | 200 | user:wira            | ip:::1
[2026-05-05 10:38:48] POST   /auth/login               | 200 | user:wira            | ip:::1
[2026-05-05 10:38:50] GET    /cart                     | 200 | user:wira            | ip:::1
[2026-05-05 10:38:50] GET    /menu                     | 200 | user:wira            | ip:::1
[2026-05-05 10:38:59] GET    /cart                     | 200 | user:wira            | ip:::1
[2026-05-05 10:38:59] GET    /menu                     | 200 | user:wira            | ip:::1
[2026-05-05 10:40:46] POST   /cart                     | 201 | user:wira            | ip:::1
[2026-05-05 10:40:46] GET    /cart                     | 200 | user:wira            | ip:::1
[2026-05-05 10:40:53] POST   /cart                     | 201 | user:wira            | ip:::1
[2026-05-05 10:40:53] GET    /cart                     | 200 | user:wira            | ip:::1
[2026-05-05 10:41:01] PUT    /cart                     | 200 | user:wira            | ip:::1
[2026-05-05 10:41:01] GET    /cart                     | 200 | user:wira            | ip:::1
[2026-05-05 10:41:38] POST   /checkout                 | 201 | user:wira            | ip:::1
[2026-05-05 10:41:39] GET    /cart                     | 200 | user:wira            | ip:::1
[2026-05-05 11:00:43] POST   /auth/login               | 200 | user:aggsy           | ip:::1
[2026-05-05 11:00:44] GET    /cart                     | 200 | user:aggsy           | ip:::1
[2026-05-05 11:00:45] GET    /menu                     | 200 | user:aggsy           | ip:::1
[2026-05-05 11:56:11] POST   /uts-testing-main%20(2)/auth/login | 404 | user:anonymous       | ip:::1 | Endpoint tidak ditemukan
[2026-05-05 11:56:24] POST   /uts-testing-main%20(2)/auth/login | 404 | user:anonymous       | ip:::1 | Endpoint tidak ditemukan
[2026-05-05 11:56:25] POST   /uts-testing-main%20(2)/auth/login | 404 | user:anonymous       | ip:::1 | Endpoint tidak ditemukan
[2026-05-05 11:56:25] POST   /uts-testing-main%20(2)/auth/login | 404 | user:anonymous       | ip:::1 | Endpoint tidak ditemukan
[2026-05-05 11:57:23] POST   /uts-testing-main%20(2)/auth/login | 404 | user:anonymous       | ip:::1 | Endpoint tidak ditemukan
[2026-05-05 12:02:17] POST   /uts-testing-main%20(2)/auth/login | 404 | user:anonymous       | ip:::1 | Endpoint tidak ditemukan
[2026-05-05 12:14:57] POST   /auth/login               | 200 | user:nixon           | ip:::1
[2026-05-05 12:14:59] GET    /menu                     | 200 | user:nixon           | ip:::1
[2026-05-05 12:14:59] GET    /cart                     | 200 | user:nixon           | ip:::1
[2026-05-05 12:15:15] POST   /auth/login               | 200 | user:admin           | ip:::1
[2026-05-05 12:16:10] POST   /auth/login               | 200 | user:wira            | ip:::1
[2026-05-05 12:16:10] GET    /cart                     | 200 | user:wira            | ip:::1
[2026-05-05 12:16:11] GET    /menu                     | 200 | user:wira            | ip:::1
[2026-05-05 12:16:43] POST   /auth/login               | 200 | user:nixon           | ip:::1
[2026-05-05 12:16:43] GET    /cart                     | 200 | user:nixon           | ip:::1
[2026-05-05 12:16:43] GET    /menu                     | 200 | user:nixon           | ip:::1
[2026-05-05 12:16:54] POST   /auth/login               | 200 | user:admin           | ip:::1
[2026-05-05 12:19:50] GET    /cart                     | 200 | user:admin           | ip:::1
[2026-05-05 12:19:50] GET    /menu                     | 200 | user:admin           | ip:::1
[2026-05-05 12:20:45] POST   /auth/login               | 200 | user:nixon           | ip:127.0.0.1
[2026-05-05 12:20:46] GET    /menu                     | 200 | user:nixon           | ip:127.0.0.1
[2026-05-05 12:20:46] GET    /cart                     | 200 | user:nixon           | ip:127.0.0.1
[2026-05-05 12:22:11] GET    /cart                     | 200 | user:admin           | ip:::1
[2026-05-05 12:22:11] GET    /menu                     | 200 | user:admin           | ip:::1
[2026-05-05 12:22:18] GET    /menu                     | 200 | user:admin           | ip:::1
[2026-05-05 12:22:18] GET    /cart                     | 200 | user:admin           | ip:::1
[2026-05-05 12:24:27] GET    /menu                     | 200 | user:admin           | ip:::1
[2026-05-05 12:24:27] GET    /cart                     | 200 | user:admin           | ip:::1
[2026-05-05 12:24:36] GET    /cart                     | 200 | user:admin           | ip:::1
[2026-05-05 12:24:36] GET    /menu                     | 200 | user:admin           | ip:::1
[2026-05-05 12:26:42] POST   /cart                     | 201 | user:admin           | ip:::1
[2026-05-05 12:26:43] GET    /cart                     | 200 | user:admin           | ip:::1
[2026-05-05 12:26:45] POST   /cart                     | 201 | user:admin           | ip:::1
[2026-05-05 12:26:45] GET    /cart                     | 200 | user:admin           | ip:::1
[2026-05-05 12:26:47] POST   /cart                     | 201 | user:admin           | ip:::1
[2026-05-05 12:26:47] GET    /cart                     | 200 | user:admin           | ip:::1
[2026-05-05 12:26:54] POST   /uts-testing-main/kelompok_gamasuk/Resto1/api/checkout | 403 | user:admin           | ip:::1 | Level tidak cukup
[2026-05-05 12:27:01] POST   /uts-testing-main/kelompok_gamasuk/Resto1/api/checkout | 403 | user:admin           | ip:::1 | Level tidak cukup
[2026-05-05 12:27:05] POST   /uts-testing-main/kelompok_gamasuk/Resto1/api/checkout | 403 | user:admin           | ip:::1 | Level tidak cukup
[2026-05-05 12:27:12] POST   /uts-testing-main/kelompok_gamasuk/Resto1/api/checkout | 403 | user:admin           | ip:::1 | Level tidak cukup
[2026-05-05 12:27:13] POST   /uts-testing-main/kelompok_gamasuk/Resto1/api/checkout | 403 | user:admin           | ip:::1 | Level tidak cukup
[2026-05-05 12:27:14] POST   /uts-testing-main/kelompok_gamasuk/Resto1/api/checkout | 403 | user:admin           | ip:::1 | Level tidak cukup
[2026-05-05 12:27:14] POST   /uts-testing-main/kelompok_gamasuk/Resto1/api/checkout | 403 | user:admin           | ip:::1 | Level tidak cukup
[2026-05-05 12:27:17] POST   /uts-testing-main/kelompok_gamasuk/Resto1/api/checkout | 403 | user:admin           | ip:::1 | Level tidak cukup
[2026-05-05 12:27:18] POST   /uts-testing-main/kelompok_gamasuk/Resto1/api/checkout | 403 | user:admin           | ip:::1 | Level tidak cukup
[2026-05-05 12:27:18] POST   /uts-testing-main/kelompok_gamasuk/Resto1/api/checkout | 403 | user:admin           | ip:::1 | Level tidak cukup
[2026-05-05 12:27:19] DELETE /cart                     | 200 | user:admin           | ip:::1
[2026-05-05 12:27:19] GET    /cart                     | 200 | user:admin           | ip:::1
[2026-05-05 12:27:19] DELETE /cart                     | 200 | user:admin           | ip:::1
[2026-05-05 12:27:20] GET    /cart                     | 200 | user:admin           | ip:::1
[2026-05-05 12:27:21] POST   /uts-testing-main/kelompok_gamasuk/Resto1/api/checkout | 403 | user:admin           | ip:::1 | Level tidak cukup
[2026-05-05 12:27:28] DELETE /cart                     | 200 | user:admin           | ip:::1
[2026-05-05 12:27:28] GET    /cart                     | 200 | user:admin           | ip:::1
[2026-05-05 12:27:31] POST   /cart                     | 201 | user:admin           | ip:::1
[2026-05-05 12:27:31] GET    /cart                     | 200 | user:admin           | ip:::1
[2026-05-05 12:27:34] POST   /uts-testing-main/kelompok_gamasuk/Resto1/api/checkout | 403 | user:admin           | ip:::1 | Level tidak cukup
[2026-05-05 12:27:36] POST   /uts-testing-main/kelompok_gamasuk/Resto1/api/checkout | 403 | user:admin           | ip:::1 | Level tidak cukup
[2026-05-05 12:27:38] POST   /uts-testing-main/kelompok_gamasuk/Resto1/api/checkout | 403 | user:admin           | ip:::1 | Level tidak cukup
[2026-05-05 12:27:38] POST   /uts-testing-main/kelompok_gamasuk/Resto1/api/checkout | 403 | user:admin           | ip:::1 | Level tidak cukup
[2026-05-05 12:27:39] POST   /uts-testing-main/kelompok_gamasuk/Resto1/api/checkout | 403 | user:admin           | ip:::1 | Level tidak cukup
[2026-05-05 12:27:39] POST   /uts-testing-main/kelompok_gamasuk/Resto1/api/checkout | 403 | user:admin           | ip:::1 | Level tidak cukup
[2026-05-05 12:27:39] POST   /uts-testing-main/kelompok_gamasuk/Resto1/api/checkout | 403 | user:admin           | ip:::1 | Level tidak cukup
[2026-05-05 12:27:46] POST   /uts-testing-main/kelompok_gamasuk/Resto1/api/checkout | 403 | user:admin           | ip:::1 | Level tidak cukup
[2026-05-05 12:27:47] POST   /uts-testing-main/kelompok_gamasuk/Resto1/api/checkout | 403 | user:admin           | ip:::1 | Level tidak cukup
[2026-05-05 12:27:49] DELETE /cart                     | 200 | user:admin           | ip:::1
[2026-05-05 12:27:49] GET    /cart                     | 200 | user:admin           | ip:::1
[2026-05-05 12:28:18] POST   /auth/login               | 200 | user:nixon           | ip:::1
[2026-05-05 12:28:19] GET    /menu                     | 200 | user:nixon           | ip:::1
[2026-05-05 12:28:19] GET    /cart                     | 200 | user:nixon           | ip:::1
[2026-05-05 12:28:36] POST   /cart                     | 201 | user:nixon           | ip:::1
[2026-05-05 12:28:36] GET    /cart                     | 200 | user:nixon           | ip:::1
[2026-05-05 12:28:42] POST   /checkout                 | 201 | user:nixon           | ip:::1
[2026-05-05 12:28:43] GET    /cart                     | 200 | user:nixon           | ip:::1
[2026-05-05 12:29:46] GET    /menu                     | 200 | user:nixon           | ip:::1
[2026-05-05 12:29:46] GET    /cart                     | 200 | user:nixon           | ip:::1
[2026-05-05 12:35:06] GET    /menu                     | 200 | user:nixon           | ip:::1
[2026-05-05 12:35:06] GET    /cart                     | 200 | user:nixon           | ip:::1
[2026-05-05 12:44:49] GET    /cart                     | 200 | user:nixon           | ip:::1
[2026-05-05 12:44:49] GET    /menu                     | 200 | user:nixon           | ip:::1
[2026-05-05 13:02:34] GET    /cart                     | 200 | user:nixon           | ip:::1
[2026-05-05 13:02:34] GET    /menu                     | 200 | user:nixon           | ip:::1
[2026-05-05 13:05:49] GET    /cart                     | 200 | user:nixon           | ip:::1
[2026-05-05 13:05:49] GET    /menu                     | 200 | user:nixon           | ip:::1
[2026-05-05 13:06:01] GET    /menu                     | 200 | user:nixon           | ip:::1
[2026-05-05 13:06:01] GET    /cart                     | 200 | user:nixon           | ip:::1
[2026-05-05 13:10:26] POST   /auth/login               | 200 | user:nixon           | ip:::1
[2026-05-05 13:10:27] GET    /menu                     | 200 | user:nixon           | ip:::1
[2026-05-05 13:10:27] GET    /cart                     | 200 | user:nixon           | ip:::1
[2026-05-05 13:10:48] POST   /auth/login               | 200 | user:nixon           | ip:::1
[2026-05-05 13:10:49] GET    /cart                     | 200 | user:nixon           | ip:::1
[2026-05-05 13:10:49] GET    /menu                     | 200 | user:nixon           | ip:::1
[2026-05-05 13:11:35] POST   /auth/login               | 401 | user:nixon           | ip:::1 | Kredensial salah
[2026-05-05 13:11:42] POST   /auth/login               | 401 | user:nixon           | ip:::1 | Kredensial salah
[2026-05-05 13:12:12] POST   /auth/login               | 200 | user:koneng          | ip:::1
[2026-05-05 13:12:13] GET    /cart                     | 200 | user:koneng          | ip:::1
[2026-05-05 13:12:13] GET    /menu                     | 200 | user:koneng          | ip:::1
[2026-05-05 13:13:02] POST   /auth/login               | 200 | user:jubi            | ip:::1
[2026-05-05 13:13:03] GET    /cart                     | 200 | user:jubi            | ip:::1
[2026-05-05 13:13:03] GET    /menu                     | 200 | user:jubi            | ip:::1
[2026-05-05 13:20:42] POST   /auth/login               | 200 | user:nixon           | ip:::1
[2026-05-05 13:20:43] GET    /cart                     | 200 | user:nixon           | ip:::1
[2026-05-05 13:20:43] GET    /menu                     | 200 | user:nixon           | ip:::1
[2026-05-05 15:20:06] POST   /auth/login               | 401 | user:fira            | ip:::1 | Kredensial salah
[2026-05-05 15:20:36] POST   /auth/login               | 200 | user:fira            | ip:::1
[2026-05-05 15:20:37] GET    /cart                     | 200 | user:fira            | ip:::1
[2026-05-05 15:20:37] GET    /menu                     | 200 | user:fira            | ip:::1
[2026-05-05 17:18:48] POST   /auth/login               | 200 | user:fira            | ip:::1
[2026-05-05 17:18:48] GET    /menu                     | 200 | user:fira            | ip:::1
[2026-05-05 17:18:48] GET    /cart                     | 200 | user:fira            | ip:::1
[2026-05-05 17:19:21] POST   /auth/login               | 200 | user:jubi            | ip:::1
[2026-05-05 17:19:22] GET    /cart                     | 200 | user:jubi            | ip:::1
[2026-05-05 17:19:22] GET    /menu                     | 200 | user:jubi            | ip:::1
[2026-05-05 17:43:21] POST   /auth/login               | 200 | user:fira            | ip:::1
[2026-05-05 17:43:22] GET    /cart                     | 200 | user:fira            | ip:::1
[2026-05-05 17:43:22] GET    /menu                     | 200 | user:fira            | ip:::1
[2026-05-05 17:43:45] POST   /auth/login               | 200 | user:jubi            | ip:::1
[2026-05-05 17:43:46] GET    /cart                     | 200 | user:jubi            | ip:::1
[2026-05-05 17:43:46] GET    /menu                     | 200 | user:jubi            | ip:::1
[2026-05-05 17:44:26] POST   /auth/login               | 200 | user:fira            | ip:::1
[2026-05-05 17:44:27] GET    /cart                     | 200 | user:fira            | ip:::1
[2026-05-05 17:44:27] GET    /menu                     | 200 | user:fira            | ip:::1
[2026-05-05 17:44:51] POST   /auth/login               | 200 | user:admin           | ip:::1
[2026-05-05 17:45:10] POST   /cart                     | 201 | user:fira            | ip:::1
[2026-05-05 17:45:10] GET    /cart                     | 200 | user:fira            | ip:::1
[2026-05-05 17:45:23] GET    /menu                     | 200 | user:admin           | ip:::1
[2026-05-05 17:45:23] GET    /cart                     | 200 | user:admin           | ip:::1
[2026-05-05 17:46:08] GET    /cart                     | 200 | user:admin           | ip:::1
[2026-05-05 17:46:08] GET    /menu                     | 200 | user:admin           | ip:::1
[2026-05-05 17:46:34] POST   /auth/login               | 200 | user:admin           | ip:127.0.0.1
[2026-05-05 17:47:11] GET    /menu                     | 200 | user:admin           | ip:::1
[2026-05-05 17:47:11] GET    /cart                     | 200 | user:admin           | ip:::1
[2026-05-05 17:47:33] GET    /cart                     | 200 | user:admin           | ip:::1
[2026-05-05 17:47:33] GET    /menu                     | 200 | user:admin           | ip:::1
[2026-05-05 17:48:21] GET    /cart                     | 200 | user:admin           | ip:::1
[2026-05-05 17:48:21] GET    /menu                     | 200 | user:admin           | ip:::1
